<?xml version="1.0" encoding="UTF-8"?><testsuite errors="1" failures="0" name="Equipo1" skipped="0" tests="1" time="11.81" timestamp="2022-11-24 02:24:24"><testcase name="pruebas exitosas"><error message="Arity mismatch: Step Definition 'com.co.solucion.stepsdefinitions.SolucionStepDefinition.realizamosCadaUnaDeLasPruebasRequeridas() in file:/C:/Users/GMIT/Desktop/equipo1/BootcampGrupo1/SolucionGrupo1/build/classes/java/test/' with pattern [^realizamos cada una de las pruebas requeridas$] is declared with 0 parameters. However, the gherkin step has 1 arguments [Table:[[entrada detexto, contrasena, tarea], [soilucion, solucion, solucion]]]. &#10;Step text: realizamos cada una de las pruebas requeridas" type="cucumber.runtime.CucumberException">Arity mismatch: Step Definition 'com.co.solucion.stepsdefinitions.SolucionStepDefinition.realizamosCadaUnaDeLasPruebasRequeridas() in file:/C:/Users/GMIT/Desktop/equipo1/BootcampGrupo1/SolucionGrupo1/build/classes/java/test/' with pattern [^realizamos cada una de las pruebas requeridas$] is declared with 0 parameters. However, the gherkin step has 1 arguments [Table:[[entrada detexto, contrasena, tarea], [soilucion, solucion, solucion]]]. 
Step text: realizamos cada una de las pruebas requeridas</error><system-err>Arity mismatch: Step Definition 'com.co.solucion.stepsdefinitions.SolucionStepDefinition.realizamosCadaUnaDeLasPruebasRequeridas() in file:/C:/Users/GMIT/Desktop/equipo1/BootcampGrupo1/SolucionGrupo1/build/classes/java/test/' with pattern [^realizamos cada una de las pruebas requeridas$] is declared with 0 parameters. However, the gherkin step has 1 arguments [Table:[[entrada detexto, contrasena, tarea], [soilucion, solucion, solucion]]]. 
Step text: realizamos cada una de las pruebas requeridas&#13;
cucumber.runner.Runner.runPickle(Runner.java:80)&#13;
worker.org.gradle.process.internal.worker.GradleWorkerMain.run(GradleWorkerMain.java:69)&#13;
worker.org.gradle.process.internal.worker.GradleWorkerMain.main(GradleWorkerMain.java:74)&#13;
</system-err></testcase></testsuite>